mode: set
github.com/louisgarwood/bookings/internal/render/render.go:20.40,22.2 1 1
github.com/louisgarwood/bookings/internal/render/render.go:24.100,30.2 5 1
github.com/louisgarwood/bookings/internal/render/render.go:32.126,37.18 3 1
github.com/louisgarwood/bookings/internal/render/render.go:48.2,49.9 2 1
github.com/louisgarwood/bookings/internal/render/render.go:54.2,59.16 4 1
github.com/louisgarwood/bookings/internal/render/render.go:65.2,66.16 2 1
github.com/louisgarwood/bookings/internal/render/render.go:71.2,71.12 1 1
github.com/louisgarwood/bookings/internal/render/render.go:37.18,39.3 1 0
github.com/louisgarwood/bookings/internal/render/render.go:39.8,41.17 2 1
github.com/louisgarwood/bookings/internal/render/render.go:41.17,44.4 2 0
github.com/louisgarwood/bookings/internal/render/render.go:49.9,52.3 2 1
github.com/louisgarwood/bookings/internal/render/render.go:59.16,62.3 2 0
github.com/louisgarwood/bookings/internal/render/render.go:66.16,69.3 2 0
github.com/louisgarwood/bookings/internal/render/render.go:74.67,82.16 4 1
github.com/louisgarwood/bookings/internal/render/render.go:87.2,88.16 2 1
github.com/louisgarwood/bookings/internal/render/render.go:93.2,93.29 1 1
github.com/louisgarwood/bookings/internal/render/render.go:108.2,108.27 1 1
github.com/louisgarwood/bookings/internal/render/render.go:82.16,84.3 1 0
github.com/louisgarwood/bookings/internal/render/render.go:88.16,90.3 1 0
github.com/louisgarwood/bookings/internal/render/render.go:93.29,96.17 3 1
github.com/louisgarwood/bookings/internal/render/render.go:100.3,100.23 1 1
github.com/louisgarwood/bookings/internal/render/render.go:106.3,106.40 1 1
github.com/louisgarwood/bookings/internal/render/render.go:96.17,98.4 1 0
github.com/louisgarwood/bookings/internal/render/render.go:100.23,102.18 2 1
github.com/louisgarwood/bookings/internal/render/render.go:102.18,104.5 1 0
