mode: set
github.com/louisgarwood/bookings/internal/forms/errors.go:5.47,7.2 1 1
github.com/louisgarwood/bookings/internal/forms/errors.go:9.45,12.27 2 1
github.com/louisgarwood/bookings/internal/forms/errors.go:16.2,16.23 1 1
github.com/louisgarwood/bookings/internal/forms/errors.go:12.27,14.3 1 1
github.com/louisgarwood/bookings/internal/forms/forms.go:17.33,22.2 1 1
github.com/louisgarwood/bookings/internal/forms/forms.go:24.62,28.2 2 1
github.com/louisgarwood/bookings/internal/forms/forms.go:31.29,33.2 1 1
github.com/louisgarwood/bookings/internal/forms/forms.go:35.43,36.31 1 1
github.com/louisgarwood/bookings/internal/forms/forms.go:36.31,38.37 2 1
github.com/louisgarwood/bookings/internal/forms/forms.go:38.37,40.4 1 1
github.com/louisgarwood/bookings/internal/forms/forms.go:44.38,45.40 1 1
github.com/louisgarwood/bookings/internal/forms/forms.go:45.40,48.3 1 1
